TN:
SF:src/modules/appointments/services/CreateAppointmentService.ts
FN:39,Object.<anonymous>
FN:39,Object.<anonymous>.__decorate
FN:39,Object.<anonymous>.__metadata
FN:39,Object.<anonymous>.__param
FN:39,Object.<anonymous>.__awaiter
FN:39,adopt
FN:39,fulfilled
FN:39,rejected
FN:39,step
FN:39,Object.<anonymous>.__generator
FN:39,sent
FN:39,g.<computed>
FN:39,verb
FN:39,step
FN:39,Object.<anonymous>.__importDefault
FN:14,CreateAppointmentService
FN:19,Object.<anonymous>.CreateAppointmentService.execute
FNF:17
FNH:15
FNDA:1,Object.<anonymous>
FNDA:1,Object.<anonymous>.__decorate
FNDA:1,Object.<anonymous>.__metadata
FNDA:1,Object.<anonymous>.__param
FNDA:3,Object.<anonymous>.__awaiter
FNDA:5,adopt
FNDA:5,fulfilled
FNDA:0,rejected
FNDA:7,step
FNDA:3,Object.<anonymous>.__generator
FNDA:5,sent
FNDA:0,g.<computed>
FNDA:9,verb
FNDA:8,step
FNDA:1,Object.<anonymous>.__importDefault
FNDA:2,CreateAppointmentService
FNDA:3,Object.<anonymous>.CreateAppointmentService.execute
DA:1,1
DA:2,1
DA:3,1
DA:4,1
DA:5,1
DA:6,1
DA:7,1
DA:8,1
DA:9,1
DA:10,1
DA:11,1
DA:12,1
DA:13,1
DA:14,1
DA:15,2
DA:16,2
DA:17,2
DA:18,1
DA:19,1
DA:20,3
DA:21,3
DA:22,3
DA:23,3
DA:24,3
DA:25,3
DA:26,3
DA:27,1
DA:28,1
DA:29,2
DA:30,2
DA:31,2
DA:32,2
DA:33,2
DA:34,3
DA:35,3
DA:36,3
DA:37,1
DA:38,1
DA:39,1
LF:39
LH:39
BRDA:39,0,0,1
BRDA:39,1,0,1
BRDA:39,2,0,1
BRDA:39,3,0,0
BRDA:39,4,0,0
BRDA:39,5,0,0
BRDA:39,6,0,0
BRDA:39,7,0,1
BRDA:39,8,0,1
BRDA:39,9,0,1
BRDA:39,10,0,3
BRDA:39,11,0,5
BRDA:39,12,0,0
BRDA:39,13,0,3
BRDA:39,14,0,5
BRDA:39,15,0,4
BRDA:39,16,0,1
BRDA:39,17,0,7
BRDA:39,18,0,2
BRDA:39,19,0,5
BRDA:39,20,0,3
BRDA:39,21,0,5
BRDA:39,22,0,0
BRDA:39,23,0,9
BRDA:39,24,0,8
BRDA:39,25,0,8
BRDA:39,26,0,0
BRDA:39,27,0,16
BRDA:39,28,0,0
BRDA:39,29,0,0
BRDA:39,30,0,0
BRDA:39,31,0,0
BRDA:39,32,0,8
BRDA:39,33,0,8
BRDA:39,34,0,5
BRDA:39,35,0,0
BRDA:39,36,0,0
BRDA:39,37,0,3
BRDA:39,38,0,0
BRDA:39,39,0,2
BRDA:39,40,0,0
BRDA:39,41,0,0
BRDA:39,42,0,0
BRDA:39,43,0,0
BRDA:39,44,0,8
BRDA:39,45,0,7
BRDA:39,46,0,1
BRDA:39,47,0,8
BRDA:39,48,0,3
BRDA:39,49,0,1
BRDA:39,50,0,2
BRDA:39,51,0,0
BRDA:39,52,0,1
BRDA:39,53,0,0
BRDA:13,54,0,1
BRDA:14,55,0,2
BRDA:19,56,0,3
BRDA:39,57,0,3
BRDA:39,58,0,8
BRDA:39,59,0,3
BRDA:39,60,0,3
BRDA:26,61,0,1
BRDA:28,62,0,2
BRDA:39,63,0,2
BRF:64
BRH:44
end_of_record
TN:
SF:src/modules/users/services/AuthenticateUserService.ts
FN:60,Object.<anonymous>
FN:60,Object.<anonymous>.__decorate
FN:60,Object.<anonymous>.__metadata
FN:60,Object.<anonymous>.__param
FN:60,Object.<anonymous>.__awaiter
FN:60,adopt
FN:60,fulfilled
FN:60,rejected
FN:60,step
FN:60,Object.<anonymous>.__generator
FN:60,sent
FN:60,g.<computed>
FN:60,verb
FN:60,step
FN:60,Object.<anonymous>.__importDefault
FN:22,AuthenticateUserService
FN:30,Object.<anonymous>.AuthenticateUserService.execute
FNF:17
FNH:15
FNDA:1,Object.<anonymous>
FNDA:1,Object.<anonymous>.__decorate
FNDA:1,Object.<anonymous>.__metadata
FNDA:2,Object.<anonymous>.__param
FNDA:3,Object.<anonymous>.__awaiter
FNDA:5,adopt
FNDA:5,fulfilled
FNDA:0,rejected
FNDA:6,step
FNDA:3,Object.<anonymous>.__generator
FNDA:5,sent
FNDA:0,g.<computed>
FNDA:9,verb
FNDA:8,step
FNDA:2,Object.<anonymous>.__importDefault
FNDA:3,AuthenticateUserService
FNDA:3,Object.<anonymous>.AuthenticateUserService.execute
DA:1,1
DA:2,1
DA:3,1
DA:4,1
DA:5,1
DA:6,1
DA:7,1
DA:8,1
DA:9,1
DA:10,1
DA:11,1
DA:12,1
DA:13,1
DA:14,1
DA:15,1
DA:16,1
DA:17,1
DA:18,1
DA:19,1
DA:20,1
DA:21,1
DA:22,1
DA:23,3
DA:24,3
DA:25,3
DA:26,3
DA:27,3
DA:28,3
DA:29,1
DA:30,1
DA:31,3
DA:32,3
DA:33,3
DA:34,1
DA:35,1
DA:36,2
DA:37,2
DA:38,2
DA:39,2
DA:40,2
DA:41,3
DA:42,3
DA:43,1
DA:44,1
DA:45,1
DA:46,1
DA:47,1
DA:48,1
DA:49,1
DA:50,1
DA:51,1
DA:52,1
DA:53,1
DA:54,1
DA:55,1
DA:56,1
DA:57,3
DA:58,1
DA:59,1
DA:60,1
LF:60
LH:60
BRDA:60,0,0,1
BRDA:60,1,0,1
BRDA:60,2,0,1
BRDA:60,3,0,0
BRDA:60,4,0,0
BRDA:60,5,0,0
BRDA:60,6,0,0
BRDA:60,7,0,1
BRDA:60,8,0,2
BRDA:60,9,0,2
BRDA:60,10,0,3
BRDA:60,11,0,5
BRDA:60,12,0,0
BRDA:60,13,0,3
BRDA:60,14,0,5
BRDA:60,15,0,3
BRDA:60,16,0,2
BRDA:60,17,0,6
BRDA:60,18,0,1
BRDA:60,19,0,5
BRDA:60,20,0,3
BRDA:60,21,0,5
BRDA:60,22,0,0
BRDA:60,23,0,9
BRDA:60,24,0,8
BRDA:60,25,0,8
BRDA:60,26,0,0
BRDA:60,27,0,16
BRDA:60,28,0,0
BRDA:60,29,0,0
BRDA:60,30,0,0
BRDA:60,31,0,0
BRDA:60,32,0,8
BRDA:60,33,0,8
BRDA:60,34,0,5
BRDA:60,35,0,0
BRDA:60,36,0,0
BRDA:60,37,0,3
BRDA:60,38,0,0
BRDA:60,39,0,1
BRDA:60,40,0,0
BRDA:60,41,0,0
BRDA:60,42,0,0
BRDA:60,43,0,0
BRDA:60,44,0,8
BRDA:60,45,0,6
BRDA:60,46,0,2
BRDA:60,47,0,8
BRDA:60,48,0,3
BRDA:60,49,0,2
BRDA:60,50,0,1
BRDA:60,51,0,0
BRDA:60,52,0,2
BRDA:60,53,0,0
BRDA:21,54,0,1
BRDA:22,55,0,3
BRDA:30,56,0,3
BRDA:60,57,0,3
BRDA:60,58,0,8
BRDA:31,59,0,3
BRDA:60,60,0,3
BRDA:33,61,0,1
BRDA:35,62,0,2
BRDA:60,63,0,2
BRDA:42,64,0,1
BRF:65
BRH:45
end_of_record
TN:
SF:src/modules/users/services/CreateUserService.ts
FN:43,Object.<anonymous>
FN:43,Object.<anonymous>.__decorate
FN:43,Object.<anonymous>.__metadata
FN:43,Object.<anonymous>.__param
FN:43,Object.<anonymous>.__awaiter
FN:43,adopt
FN:43,fulfilled
FN:43,rejected
FN:43,step
FN:43,Object.<anonymous>.__generator
FN:43,sent
FN:43,g.<computed>
FN:43,verb
FN:43,step
FN:43,Object.<anonymous>.__importDefault
FN:16,CreateUserService
FN:24,Object.<anonymous>.CreateUserService.execute
FNF:17
FNH:15
FNDA:2,Object.<anonymous>
FNDA:2,Object.<anonymous>.__decorate
FNDA:2,Object.<anonymous>.__metadata
FNDA:4,Object.<anonymous>.__param
FNDA:5,Object.<anonymous>.__awaiter
FNDA:13,adopt
FNDA:13,fulfilled
FNDA:0,rejected
FNDA:17,step
FNDA:5,Object.<anonymous>.__generator
FNDA:13,sent
FNDA:0,g.<computed>
FNDA:15,verb
FNDA:18,step
FNDA:2,Object.<anonymous>.__importDefault
FNDA:5,CreateUserService
FNDA:5,Object.<anonymous>.CreateUserService.execute
DA:1,1
DA:2,1
DA:3,1
DA:4,1
DA:5,1
DA:6,1
DA:7,1
DA:8,1
DA:9,1
DA:10,1
DA:11,1
DA:12,1
DA:13,1
DA:14,1
DA:15,2
DA:16,2
DA:17,5
DA:18,5
DA:19,5
DA:20,5
DA:21,5
DA:22,5
DA:23,2
DA:24,2
DA:25,5
DA:26,5
DA:27,5
DA:28,1
DA:29,1
DA:30,4
DA:31,4
DA:32,5
DA:33,5
DA:34,5
DA:35,5
DA:36,5
DA:37,5
DA:38,5
DA:39,5
DA:40,5
DA:41,2
DA:42,1
DA:43,1
LF:43
LH:43
BRDA:43,0,0,2
BRDA:43,1,0,2
BRDA:43,2,0,2
BRDA:43,3,0,0
BRDA:43,4,0,0
BRDA:43,5,0,0
BRDA:43,6,0,0
BRDA:43,7,0,2
BRDA:43,8,0,4
BRDA:43,9,0,4
BRDA:43,10,0,5
BRDA:43,11,0,13
BRDA:43,12,0,0
BRDA:43,13,0,5
BRDA:43,14,0,13
BRDA:43,15,0,12
BRDA:43,16,0,1
BRDA:43,17,0,17
BRDA:43,18,0,4
BRDA:43,19,0,13
BRDA:43,20,0,5
BRDA:43,21,0,13
BRDA:43,22,0,0
BRDA:43,23,0,15
BRDA:43,24,0,18
BRDA:43,25,0,18
BRDA:43,26,0,0
BRDA:43,27,0,36
BRDA:43,28,0,0
BRDA:43,29,0,0
BRDA:43,30,0,0
BRDA:43,31,0,0
BRDA:43,32,0,18
BRDA:43,33,0,18
BRDA:43,34,0,13
BRDA:43,35,0,0
BRDA:43,36,0,0
BRDA:43,37,0,5
BRDA:43,38,0,0
BRDA:43,39,0,4
BRDA:43,40,0,0
BRDA:43,41,0,0
BRDA:43,42,0,0
BRDA:43,43,0,0
BRDA:43,44,0,28
BRDA:43,45,0,18
BRDA:43,46,0,17
BRDA:43,47,0,1
BRDA:43,48,0,18
BRDA:43,49,0,5
BRDA:43,50,0,1
BRDA:43,51,0,4
BRDA:43,52,0,0
BRDA:43,53,0,2
BRDA:43,54,0,0
BRDA:15,55,0,2
BRDA:16,56,0,5
BRDA:24,57,0,5
BRDA:43,58,0,5
BRDA:43,59,0,18
BRDA:25,60,0,5
BRDA:43,61,0,5
BRDA:27,62,0,1
BRDA:29,63,0,4
BRDA:43,64,0,4
BRDA:43,65,0,4
BRF:66
BRH:46
end_of_record
TN:
SF:src/modules/users/services/ResetPasswordService.ts
FN:53,Object.<anonymous>
FN:53,Object.<anonymous>.__decorate
FN:53,Object.<anonymous>.__metadata
FN:53,Object.<anonymous>.__param
FN:53,Object.<anonymous>.__awaiter
FN:53,adopt
FN:53,fulfilled
FN:53,rejected
FN:53,step
FN:53,Object.<anonymous>.__generator
FN:53,sent
FN:53,g.<computed>
FN:53,verb
FN:53,step
FN:53,Object.<anonymous>.__importDefault
FN:16,ResetPasswordService
FN:27,Object.<anonymous>.ResetPasswordService.execute
FNF:17
FNH:15
FNDA:1,Object.<anonymous>
FNDA:1,Object.<anonymous>.__decorate
FNDA:1,Object.<anonymous>.__metadata
FNDA:3,Object.<anonymous>.__param
FNDA:4,Object.<anonymous>.__awaiter
FNDA:9,adopt
FNDA:9,fulfilled
FNDA:0,rejected
FNDA:10,step
FNDA:4,Object.<anonymous>.__generator
FNDA:9,sent
FNDA:0,g.<computed>
FNDA:12,verb
FNDA:13,step
FNDA:1,Object.<anonymous>.__importDefault
FNDA:4,ResetPasswordService
FNDA:4,Object.<anonymous>.ResetPasswordService.execute
DA:1,1
DA:2,1
DA:3,1
DA:4,1
DA:5,1
DA:6,1
DA:7,1
DA:8,1
DA:9,1
DA:10,1
DA:11,1
DA:12,1
DA:13,1
DA:14,1
DA:15,1
DA:16,1
DA:17,4
DA:18,4
DA:19,4
DA:20,4
DA:21,4
DA:22,4
DA:23,4
DA:24,4
DA:25,4
DA:26,1
DA:27,1
DA:28,4
DA:29,4
DA:30,4
DA:31,1
DA:32,1
DA:33,3
DA:34,4
DA:35,4
DA:36,4
DA:37,1
DA:38,1
DA:39,2
DA:40,2
DA:41,2
DA:42,2
DA:43,4
DA:44,1
DA:45,1
DA:46,1
DA:47,1
DA:48,4
DA:49,4
DA:50,4
DA:51,1
DA:52,1
DA:53,1
LF:53
LH:53
BRDA:53,0,0,1
BRDA:53,1,0,1
BRDA:53,2,0,1
BRDA:53,3,0,0
BRDA:53,4,0,0
BRDA:53,5,0,0
BRDA:53,6,0,0
BRDA:53,7,0,1
BRDA:53,8,0,3
BRDA:53,9,0,3
BRDA:53,10,0,4
BRDA:53,11,0,9
BRDA:53,12,0,0
BRDA:53,13,0,4
BRDA:53,14,0,9
BRDA:53,15,0,6
BRDA:53,16,0,3
BRDA:53,17,0,10
BRDA:53,18,0,1
BRDA:53,19,0,9
BRDA:53,20,0,4
BRDA:53,21,0,9
BRDA:53,22,0,0
BRDA:53,23,0,12
BRDA:53,24,0,13
BRDA:53,25,0,13
BRDA:53,26,0,0
BRDA:53,27,0,26
BRDA:53,28,0,0
BRDA:53,29,0,0
BRDA:53,30,0,0
BRDA:53,31,0,0
BRDA:53,32,0,13
BRDA:53,33,0,13
BRDA:53,34,0,9
BRDA:53,35,0,0
BRDA:53,36,0,0
BRDA:53,37,0,4
BRDA:53,38,0,0
BRDA:53,39,0,1
BRDA:53,40,0,0
BRDA:53,41,0,0
BRDA:53,42,0,0
BRDA:53,43,0,0
BRDA:53,44,0,13
BRDA:53,45,0,10
BRDA:53,46,0,3
BRDA:53,47,0,13
BRDA:53,48,0,4
BRDA:53,49,0,3
BRDA:53,50,0,1
BRDA:53,51,0,0
BRDA:53,52,0,1
BRDA:53,53,0,0
BRDA:15,54,0,1
BRDA:16,55,0,4
BRDA:27,56,0,4
BRDA:53,57,0,4
BRDA:53,58,0,13
BRDA:28,59,0,4
BRDA:53,60,0,4
BRDA:30,61,0,1
BRDA:32,62,0,3
BRDA:34,63,0,0
BRDA:34,64,0,3
BRDA:53,65,0,3
BRDA:36,66,0,1
BRDA:38,67,0,2
BRDA:43,68,0,1
BRDA:53,69,0,1
BRDA:53,70,0,1
BRF:71
BRH:50
end_of_record
TN:
SF:src/modules/users/services/SendForgotPasswordEmailService.ts
FN:59,Object.<anonymous>
FN:59,Object.<anonymous>.__decorate
FN:59,Object.<anonymous>.__metadata
FN:59,Object.<anonymous>.__param
FN:59,Object.<anonymous>.__awaiter
FN:59,adopt
FN:59,fulfilled
FN:59,rejected
FN:59,step
FN:59,Object.<anonymous>.__generator
FN:59,sent
FN:59,g.<computed>
FN:59,verb
FN:59,step
FN:59,Object.<anonymous>.__importDefault
FN:15,SendForgotPasswordEmailService
FN:26,Object.<anonymous>.SendForgotPasswordEmailService.execute
FNF:17
FNH:15
FNDA:1,Object.<anonymous>
FNDA:1,Object.<anonymous>.__decorate
FNDA:1,Object.<anonymous>.__metadata
FNDA:3,Object.<anonymous>.__param
FNDA:3,Object.<anonymous>.__awaiter
FNDA:7,adopt
FNDA:7,fulfilled
FNDA:0,rejected
FNDA:9,step
FNDA:3,Object.<anonymous>.__generator
FNDA:7,sent
FNDA:0,g.<computed>
FNDA:9,verb
FNDA:10,step
FNDA:2,Object.<anonymous>.__importDefault
FNDA:3,SendForgotPasswordEmailService
FNDA:3,Object.<anonymous>.SendForgotPasswordEmailService.execute
DA:1,1
DA:2,1
DA:3,1
DA:4,1
DA:5,1
DA:6,1
DA:7,1
DA:8,1
DA:9,1
DA:10,1
DA:11,1
DA:12,1
DA:13,1
DA:14,1
DA:15,1
DA:16,3
DA:17,3
DA:18,3
DA:19,3
DA:20,3
DA:21,3
DA:22,3
DA:23,3
DA:24,3
DA:25,1
DA:26,1
DA:27,3
DA:28,3
DA:29,3
DA:30,1
DA:31,1
DA:32,2
DA:33,2
DA:34,3
DA:35,3
DA:36,3
DA:37,3
DA:38,3
DA:39,3
DA:40,3
DA:41,3
DA:42,3
DA:43,3
DA:44,3
DA:45,3
DA:46,3
DA:47,3
DA:48,3
DA:49,3
DA:50,3
DA:51,3
DA:52,3
DA:53,3
DA:54,3
DA:55,3
DA:56,3
DA:57,1
DA:58,1
DA:59,1
LF:59
LH:59
BRDA:59,0,0,1
BRDA:59,1,0,1
BRDA:59,2,0,1
BRDA:59,3,0,0
BRDA:59,4,0,0
BRDA:59,5,0,0
BRDA:59,6,0,0
BRDA:59,7,0,1
BRDA:59,8,0,3
BRDA:59,9,0,3
BRDA:59,10,0,3
BRDA:59,11,0,7
BRDA:59,12,0,0
BRDA:59,13,0,3
BRDA:59,14,0,7
BRDA:59,15,0,6
BRDA:59,16,0,1
BRDA:59,17,0,9
BRDA:59,18,0,2
BRDA:59,19,0,7
BRDA:59,20,0,3
BRDA:59,21,0,7
BRDA:59,22,0,0
BRDA:59,23,0,9
BRDA:59,24,0,10
BRDA:59,25,0,10
BRDA:59,26,0,0
BRDA:59,27,0,20
BRDA:59,28,0,0
BRDA:59,29,0,0
BRDA:59,30,0,0
BRDA:59,31,0,0
BRDA:59,32,0,10
BRDA:59,33,0,10
BRDA:59,34,0,7
BRDA:59,35,0,0
BRDA:59,36,0,0
BRDA:59,37,0,3
BRDA:59,38,0,0
BRDA:59,39,0,2
BRDA:59,40,0,0
BRDA:59,41,0,0
BRDA:59,42,0,0
BRDA:59,43,0,0
BRDA:59,44,0,10
BRDA:59,45,0,9
BRDA:59,46,0,1
BRDA:59,47,0,10
BRDA:59,48,0,3
BRDA:59,49,0,1
BRDA:59,50,0,2
BRDA:59,51,0,0
BRDA:59,52,0,2
BRDA:59,53,0,1
BRDA:59,54,0,1
BRDA:14,55,0,1
BRDA:15,56,0,3
BRDA:26,57,0,3
BRDA:59,58,0,3
BRDA:59,59,0,10
BRDA:27,60,0,3
BRDA:59,61,0,3
BRDA:29,62,0,1
BRDA:31,63,0,2
BRDA:59,64,0,2
BRDA:59,65,0,2
BRF:66
BRH:47
end_of_record
TN:
SF:src/modules/users/services/UpdateUserAvatarService.ts
FN:51,Object.<anonymous>
FN:51,Object.<anonymous>.__decorate
FN:51,Object.<anonymous>.__metadata
FN:51,Object.<anonymous>.__param
FN:51,Object.<anonymous>.__awaiter
FN:51,adopt
FN:51,fulfilled
FN:51,rejected
FN:51,step
FN:51,Object.<anonymous>.__generator
FN:51,sent
FN:51,g.<computed>
FN:51,verb
FN:51,step
FN:51,Object.<anonymous>.__importDefault
FN:15,UpdateUserAvatarService
FN:23,Object.<anonymous>.UpdateUserAvatarService.execute
FNF:17
FNH:15
FNDA:1,Object.<anonymous>
FNDA:1,Object.<anonymous>.__decorate
FNDA:1,Object.<anonymous>.__metadata
FNDA:2,Object.<anonymous>.__param
FNDA:4,Object.<anonymous>.__awaiter
FNDA:11,adopt
FNDA:11,fulfilled
FNDA:0,rejected
FNDA:14,step
FNDA:4,Object.<anonymous>.__generator
FNDA:11,sent
FNDA:0,g.<computed>
FNDA:12,verb
FNDA:15,step
FNDA:1,Object.<anonymous>.__importDefault
FNDA:3,UpdateUserAvatarService
FNDA:4,Object.<anonymous>.UpdateUserAvatarService.execute
DA:1,1
DA:2,1
DA:3,1
DA:4,1
DA:5,1
DA:6,1
DA:7,1
DA:8,1
DA:9,1
DA:10,1
DA:11,1
DA:12,1
DA:13,1
DA:14,1
DA:15,1
DA:16,3
DA:17,3
DA:18,3
DA:19,3
DA:20,3
DA:21,3
DA:22,1
DA:23,1
DA:24,4
DA:25,4
DA:26,4
DA:27,1
DA:28,1
DA:29,3
DA:30,3
DA:31,1
DA:32,1
DA:33,1
DA:34,1
DA:35,1
DA:36,1
DA:37,1
DA:38,1
DA:39,4
DA:40,4
DA:41,4
DA:42,4
DA:43,4
DA:44,4
DA:45,4
DA:46,4
DA:47,4
DA:48,4
DA:49,1
DA:50,1
DA:51,1
LF:51
LH:51
BRDA:51,0,0,1
BRDA:51,1,0,1
BRDA:51,2,0,1
BRDA:51,3,0,0
BRDA:51,4,0,0
BRDA:51,5,0,0
BRDA:51,6,0,0
BRDA:51,7,0,1
BRDA:51,8,0,2
BRDA:51,9,0,2
BRDA:51,10,0,4
BRDA:51,11,0,11
BRDA:51,12,0,0
BRDA:51,13,0,4
BRDA:51,14,0,11
BRDA:51,15,0,10
BRDA:51,16,0,1
BRDA:51,17,0,14
BRDA:51,18,0,3
BRDA:51,19,0,11
BRDA:51,20,0,4
BRDA:51,21,0,11
BRDA:51,22,0,0
BRDA:51,23,0,12
BRDA:51,24,0,15
BRDA:51,25,0,15
BRDA:51,26,0,0
BRDA:51,27,0,32
BRDA:51,28,0,0
BRDA:51,29,0,0
BRDA:51,30,0,0
BRDA:51,31,0,0
BRDA:51,32,0,15
BRDA:51,33,0,15
BRDA:51,34,0,11
BRDA:51,35,0,0
BRDA:51,36,0,0
BRDA:51,37,0,6
BRDA:51,38,0,0
BRDA:51,39,0,5
BRDA:51,40,0,4
BRDA:51,41,0,2
BRDA:51,42,0,0
BRDA:51,43,0,2
BRDA:51,44,0,0
BRDA:51,45,0,0
BRDA:51,46,0,0
BRDA:51,47,0,17
BRDA:51,48,0,16
BRDA:51,49,0,1
BRDA:51,50,0,17
BRDA:51,51,0,4
BRDA:51,52,0,1
BRDA:51,53,0,3
BRDA:51,54,0,0
BRDA:51,55,0,1
BRDA:51,56,0,0
BRDA:14,57,0,1
BRDA:15,58,0,3
BRDA:23,59,0,4
BRDA:51,60,0,4
BRDA:51,61,0,17
BRDA:24,62,0,4
BRDA:51,63,0,4
BRDA:26,64,0,1
BRDA:28,65,0,3
BRDA:30,66,0,2
BRDA:30,67,0,1
BRDA:51,68,0,1
BRDA:41,69,0,3
BRDA:51,70,0,3
BRDA:51,71,0,3
BRF:72
BRH:52
end_of_record
